#
# There is insufficient memory for the Java Runtime Environment to continue.
# Native memory allocation (mmap) failed to map 211812352 bytes for Failed to commit area from 0x000000008cc00000 to 0x0000000099600000 of length 211812352.
# Possible reasons:
#   The system is out of physical RAM or swap space
#   The process is running with CompressedOops enabled, and the Java Heap may be blocking the growth of the native heap
# Possible solutions:
#   Reduce memory load on the system
#   Increase physical memory or swap space
#   Check if swap backing store is full
#   Decrease Java heap size (-Xmx/-Xms)
#   Decrease number of Java threads
#   Decrease Java thread stack sizes (-Xss)
#   Set larger code cache with -XX:ReservedCodeCacheSize=
#   JVM is running with Unscaled Compressed Oops mode in which the Java heap is
#     placed in the first 4GB address space. The Java Heap base address is the
#     maximum limit for the native heap growth. Please use -XX:HeapBaseMinAddress
#     to set the Java Heap base and to place the Java Heap above 4GB virtual address.
# This output file may be truncated or incomplete.
#
#  Out of Memory Error (t:/workspace/open/src/hotspot/os/windows/os_windows.cpp:3271), pid=12828, tid=12952
#
# JRE version: Java(TM) SE Runtime Environment (11.0.6+8) (build 11.0.6+8-LTS)
# Java VM: Java HotSpot(TM) 64-Bit Server VM (11.0.6+8-LTS, mixed mode, tiered, compressed oops, g1 gc, windows-amd64)
# No core dump will be written. Minidumps are not enabled by default on client versions of Windows
#

---------------  S U M M A R Y ------------

Command Line: --add-opens=java.base/java.util=ALL-UNNAMED --add-opens=java.base/java.lang=ALL-UNNAMED --add-opens=java.base/java.lang.invoke=ALL-UNNAMED --add-opens=java.prefs/java.util.prefs=ALL-UNNAMED -Xmx2048m -Dfile.encoding=windows-1252 -Duser.country=IN -Duser.language=en -Duser.variant org.gradle.launcher.daemon.bootstrap.GradleDaemon 6.1.1

Host: AMD Ryzen 5 2600X Six-Core Processor           , 12 cores, 7G,  Windows 10 , 64 bit Build 19041 (10.0.19041.546)
Time: Thu Oct 22 01:10:00 2020 India Standard Time elapsed time: 9641 seconds (0d 2h 40m 41s)

---------------  T H R E A D  ---------------

Current thread (0x000001b8fed3f000):  VMThread "VM Thread" [stack: 0x0000003ce1f00000,0x0000003ce2000000] [id=12952]

Stack: [0x0000003ce1f00000,0x0000003ce2000000]
[error occurred during error reporting (printing stack bounds), id 0xc0000005, EXCEPTION_ACCESS_VIOLATION (0xc0000005) at pc=0x000001b880000bad]

Native frames: (J=compiled Java code, j=interpreted, Vv=VM code, C=native code)
V  [jvm.dll+0x63679a]
V  [jvm.dll+0x7755bf]
V  [jvm.dll+0x776c65]
V  [jvm.dll+0x777235]
V  [jvm.dll+0x7771eb]
V  [jvm.dll+0x635e96]
V  [jvm.dll+0x636268]
C  [ntdll.dll+0xa10ef]
C  [ntdll.dll+0x4b474]
C  [ntdll.dll+0x9fc1e]
C  0x000001b880000bad

VM_Operation (0x0000003ce78fe000): G1CollectForAllocation, mode: safepoint, requested by thread 0x000001b893467000


---------------  P R O C E S S  ---------------

Threads class SMR info:
_java_thread_list=0x000001b895192200, length=88, elements={
0x000001b8ee3e2800, 0x000001b8fed41000, 0x000001b8fed4c000, 0x000001b8fed5a800,
0x000001b8fed5c000, 0x000001b8fed5f000, 0x000001b8fed6e800, 0x000001b8fed73800,
0x000001b8ff826000, 0x000001b8ff83b800, 0x000001b890559000, 0x000001b88fb23000,
0x000001b890e5c000, 0x000001b88f572000, 0x000001b88f573000, 0x000001b88f56d800,
0x000001b88f574000, 0x000001b8913ad000, 0x000001b8913a7000, 0x000001b893464800,
0x000001b893466800, 0x000001b893460800, 0x000001b893462800, 0x000001b893464000,
0x000001b8913a0000, 0x000001b8913a2000, 0x000001b8913a6800, 0x000001b8913a5800,
0x000001b8913a4800, 0x000001b8913a0800, 0x000001b8913a1800, 0x000001b8913a8000,
0x000001b8913a8800, 0x000001b8913a3000, 0x000001b8913a9800, 0x000001b8913a4000,
0x000001b8913aa800, 0x000001b8913ab000, 0x000001b8913ac000, 0x000001b8913ad800,
0x000001b8913ae800, 0x000001b892dee000, 0x000001b892dea800, 0x000001b892ded000,
0x000001b892de8800, 0x000001b892def000, 0x000001b892dea000, 0x000001b892deb800,
0x000001b892dec800, 0x000001b892de9000, 0x000001b892df3000, 0x000001b892df1800,
0x000001b892def800, 0x000001b892df3800, 0x000001b892df0800, 0x000001b892df5800,
0x000001b892df6000, 0x000001b892df7000, 0x000001b892df4800, 0x000001b8955bd800,
0x000001b8955bb800, 0x000001b8955bb000, 0x000001b8955be000, 0x000001b8955bc800,
0x000001b8955b8800, 0x000001b8955bf000, 0x000001b8955b9000, 0x000001b8955bf800,
0x000001b8955ba000, 0x000001b8955c2000, 0x000001b8955c1800, 0x000001b8955c4000,
0x000001b8955c3000, 0x000001b8955c6800, 0x000001b8955c4800, 0x000001b8955c0800,
0x000001b893460000, 0x000001b89345f000, 0x000001b893465800, 0x000001b893467000,
0x000001b893461800, 0x000001b893463000, 0x000001b89346b800, 0x000001b89346a800,
0x000001b89346c000, 0x000001b893469800, 0x000001b89346d000, 0x000001b89346d800
}

Java Threads: ( => current thread )
  0x000001b8ee3e2800 JavaThread "main" [_thread_blocked, id=11628, stack(0x0000003ce1900000,0x0000003ce1a00000)]
  0x000001b8fed41000 JavaThread "Reference Handler" daemon [_thread_blocked, id=1376, stack(0x0000003ce2000000,0x0000003ce2100000)]
  0x000001b8fed4c000 JavaThread "Finalizer" daemon [_thread_blocked, id=5508, stack(0x0000003ce2100000,0x0000003ce2200000)]
  0x000001b8fed5a800 JavaThread "Signal Dispatcher" daemon [_thread_blocked, id=14860, stack(0x0000003ce2200000,0x0000003ce2300000)]
  0x000001b8fed5c000 JavaThread "Attach Listener" daemon [_thread_blocked, id=9764, stack(0x0000003ce2300000,0x0000003ce2400000)]
  0x000001b8fed5f000 JavaThread "C2 CompilerThread0" daemon [_thread_blocked, id=12392, stack(0x0000003ce2400000,0x0000003ce2500000)]
  0x000001b8fed6e800 JavaThread "C1 CompilerThread0" daemon [_thread_blocked, id=6460, stack(0x0000003ce2500000,0x0000003ce2600000)]
  0x000001b8fed73800 JavaThread "Sweeper thread" daemon [_thread_blocked, id=12564, stack(0x0000003ce2600000,0x0000003ce2700000)]
  0x000001b8ff826000 JavaThread "Common-Cleaner" daemon [_thread_blocked, id=9648, stack(0x0000003ce2700000,0x0000003ce2800000)]
  0x000001b8ff83b800 JavaThread "Service Thread" daemon [_thread_blocked, id=14328, stack(0x0000003ce2800000,0x0000003ce2900000)]
  0x000001b890559000 JavaThread "Daemon health stats" [_thread_blocked, id=10332, stack(0x0000003ce2c00000,0x0000003ce2d00000)]
  0x000001b88fb23000 JavaThread "Incoming local TCP Connector on port 55553" [_thread_in_native, id=14132, stack(0x0000003ce1600000,0x0000003ce1700000)]
  0x000001b890e5c000 JavaThread "Daemon periodic checks" [_thread_blocked, id=13796, stack(0x0000003ce1700000,0x0000003ce1800000)]
  0x000001b88f572000 JavaThread "Cache worker for journal cache (C:\Users\Admin\.gradle\caches\journal-1)" [_thread_blocked, id=4712, stack(0x0000003ce3d00000,0x0000003ce3e00000)]
  0x000001b88f573000 JavaThread "File lock request listener" [_thread_in_native, id=8356, stack(0x0000003ce3e00000,0x0000003ce3f00000)]
  0x000001b88f56d800 JavaThread "Cache worker for file hash cache (C:\Users\Admin\.gradle\caches\6.1.1\fileHashes)" [_thread_blocked, id=9708, stack(0x0000003ce3f00000,0x0000003ce4000000)]
  0x000001b88f574000 JavaThread "Cache worker for execution history cache (C:\Users\Admin\.gradle\caches\6.1.1\executionHistory)" [_thread_blocked, id=8708, stack(0x0000003ce4500000,0x0000003ce4600000)]
  0x000001b8913ad000 JavaThread "Memory manager" [_thread_blocked, id=4568, stack(0x0000003ce5300000,0x0000003ce5400000)]
  0x000001b8913a7000 JavaThread "Cache worker for file content cache (C:\Users\Admin\.gradle\caches\6.1.1\fileContent)" [_thread_blocked, id=13636, stack(0x0000003ce5400000,0x0000003ce5500000)]
  0x000001b893464800 JavaThread "Cache worker for Java compile cache (C:\Users\Admin\.gradle\caches\6.1.1\javaCompile)" [_thread_blocked, id=11204, stack(0x0000003ce6d00000,0x0000003ce6e00000)]
  0x000001b893466800 JavaThread "ForkJoinPool.commonPool-worker-29" daemon [_thread_blocked, id=12120, stack(0x0000003ce6500000,0x0000003ce6600000)]
  0x000001b893460800 JavaThread "ForkJoinPool.commonPool-worker-11" daemon [_thread_blocked, id=4316, stack(0x0000003ce6600000,0x0000003ce6700000)]
  0x000001b893462800 JavaThread "ForkJoinPool.commonPool-worker-15" daemon [_thread_blocked, id=5864, stack(0x0000003ce6700000,0x0000003ce6800000)]
  0x000001b893464000 JavaThread "ForkJoinPool.commonPool-worker-1" daemon [_thread_blocked, id=10820, stack(0x0000003ce6800000,0x0000003ce6900000)]
  0x000001b8913a0000 JavaThread "Daemon Thread 8" [_thread_blocked, id=12032, stack(0x0000003ce1800000,0x0000003ce1900000)]
  0x000001b8913a2000 JavaThread "Handler for socket connection from /127.0.0.1:55553 to /127.0.0.1:53339" [_thread_in_native, id=2788, stack(0x0000003ce2d00000,0x0000003ce2e00000)]
  0x000001b8913a6800 JavaThread "Cancel handler" [_thread_blocked, id=14944, stack(0x0000003ce2e00000,0x0000003ce2f00000)]
  0x000001b8913a5800 JavaThread "Daemon worker Thread 8" [_thread_blocked, id=12700, stack(0x0000003ce2f00000,0x0000003ce3000000)]
  0x000001b8913a4800 JavaThread "Asynchronous log dispatcher for DefaultDaemonConnection: socket connection from /127.0.0.1:55553 to /127.0.0.1:53339" [_thread_blocked, id=11140, stack(0x0000003ce3000000,0x0000003ce3100000)]
  0x000001b8913a0800 JavaThread "Stdin handler" [_thread_blocked, id=11824, stack(0x0000003ce3100000,0x0000003ce3200000)]
  0x000001b8913a1800 JavaThread "Thread-313" [_thread_blocked, id=6612, stack(0x0000003ce3200000,0x0000003ce3300000)]
  0x000001b8913a8000 JavaThread "Cache worker for checksums cache (C:\Users\Admin\Desktop\College\MAD\Project\.gradle\checksums)" [_thread_blocked, id=10484, stack(0x0000003ce3300000,0x0000003ce3400000)]
  0x000001b8913a8800 JavaThread "Cache worker for file hash cache (C:\Users\Admin\Desktop\College\MAD\Project\.gradle\6.1.1\fileHashes)" [_thread_blocked, id=13988, stack(0x0000003ce3400000,0x0000003ce3500000)]
  0x000001b8913a3000 JavaThread "Cache worker for cache directory md-supplier (C:\Users\Admin\.gradle\caches\6.1.1\md-supplier)" [_thread_blocked, id=13552, stack(0x0000003ce4200000,0x0000003ce4300000)]
  0x000001b8913a9800 JavaThread "Cache worker for cache directory md-rule (C:\Users\Admin\.gradle\caches\6.1.1\md-rule)" [_thread_blocked, id=10596, stack(0x0000003ce4300000,0x0000003ce4400000)]
  0x000001b8913a4000 JavaThread "Build operations" [_thread_blocked, id=6632, stack(0x0000003ce4400000,0x0000003ce4500000)]
  0x000001b8913aa800 JavaThread "Build operations Thread 2" [_thread_blocked, id=7924, stack(0x0000003ce4600000,0x0000003ce4700000)]
  0x000001b8913ab000 JavaThread "Build operations Thread 3" [_thread_blocked, id=10844, stack(0x0000003ce4700000,0x0000003ce4800000)]
  0x000001b8913ac000 JavaThread "Build operations Thread 4" [_thread_blocked, id=1464, stack(0x0000003ce4800000,0x0000003ce4900000)]
  0x000001b8913ad800 JavaThread "Build operations Thread 5" [_thread_blocked, id=1312, stack(0x0000003ce4900000,0x0000003ce4a00000)]
  0x000001b8913ae800 JavaThread "Build operations Thread 6" [_thread_blocked, id=9792, stack(0x0000003ce4a00000,0x0000003ce4b00000)]
  0x000001b892dee000 JavaThread "Build operations Thread 7" [_thread_blocked, id=10472, stack(0x0000003ce4b00000,0x0000003ce4c00000)]
  0x000001b892dea800 JavaThread "Build operations Thread 8" [_thread_blocked, id=9820, stack(0x0000003ce4c00000,0x0000003ce4d00000)]
  0x000001b892ded000 JavaThread "Build operations Thread 9" [_thread_blocked, id=8656, stack(0x0000003ce4d00000,0x0000003ce4e00000)]
  0x000001b892de8800 JavaThread "Build operations Thread 10" [_thread_blocked, id=12208, stack(0x0000003ce4e00000,0x0000003ce4f00000)]
  0x000001b892def000 JavaThread "Build operations Thread 11" [_thread_blocked, id=5396, stack(0x0000003ce4f00000,0x0000003ce5000000)]
  0x000001b892dea000 JavaThread "Build operations Thread 12" [_thread_blocked, id=2444, stack(0x0000003ce5000000,0x0000003ce5100000)]
  0x000001b892deb800 JavaThread "Cache worker for Build Output Cleanup Cache (C:\Users\Admin\Desktop\College\MAD\Project\.gradle\buildOutputCleanup)" [_thread_blocked, id=8268, stack(0x0000003ce5100000,0x0000003ce5200000)]
  0x000001b892dec800 JavaThread "Cache worker for file content cache (C:\Users\Admin\Desktop\College\MAD\Project\.gradle\6.1.1\fileContent)" [_thread_blocked, id=14996, stack(0x0000003ce5200000,0x0000003ce5300000)]
  0x000001b892de9000 JavaThread "Execution worker for ':'" [_thread_blocked, id=5504, stack(0x0000003ce5500000,0x0000003ce5600000)]
  0x000001b892df3000 JavaThread "Execution worker for ':' Thread 2" [_thread_blocked, id=3836, stack(0x0000003ce5600000,0x0000003ce5700000)]
  0x000001b892df1800 JavaThread "Execution worker for ':' Thread 3" [_thread_blocked, id=10532, stack(0x0000003ce5700000,0x0000003ce5800000)]
  0x000001b892def800 JavaThread "Execution worker for ':' Thread 4" [_thread_blocked, id=8944, stack(0x0000003ce5800000,0x0000003ce5900000)]
  0x000001b892df3800 JavaThread "Execution worker for ':' Thread 5" [_thread_blocked, id=8084, stack(0x0000003ce5900000,0x0000003ce5a00000)]
  0x000001b892df0800 JavaThread "Execution worker for ':' Thread 6" [_thread_blocked, id=5924, stack(0x0000003ce5a00000,0x0000003ce5b00000)]
  0x000001b892df5800 JavaThread "Execution worker for ':' Thread 7" [_thread_blocked, id=6820, stack(0x0000003ce5b00000,0x0000003ce5c00000)]
  0x000001b892df6000 JavaThread "Execution worker for ':' Thread 8" [_thread_blocked, id=13880, stack(0x0000003ce5c00000,0x0000003ce5d00000)]
  0x000001b892df7000 JavaThread "Execution worker for ':' Thread 9" [_thread_blocked, id=14816, stack(0x0000003ce5d00000,0x0000003ce5e00000)]
  0x000001b892df4800 JavaThread "Execution worker for ':' Thread 10" [_thread_blocked, id=12696, stack(0x0000003ce5e00000,0x0000003ce5f00000)]
  0x000001b8955bd800 JavaThread "Execution worker for ':' Thread 11" [_thread_blocked, id=1700, stack(0x0000003ce5f00000,0x0000003ce6000000)]
  0x000001b8955bb800 JavaThread "Cache worker for execution history cache (C:\Users\Admin\Desktop\College\MAD\Project\.gradle\6.1.1\executionHistory)" [_thread_blocked, id=4344, stack(0x0000003ce6000000,0x0000003ce6100000)]
  0x000001b8955bb000 JavaThread "WorkerExecutor Queue" [_thread_blocked, id=3824, stack(0x0000003ce6100000,0x0000003ce6200000)]
  0x000001b8955be000 JavaThread "WorkerExecutor Queue Thread 2" [_thread_blocked, id=6280, stack(0x0000003ce6200000,0x0000003ce6300000)]
  0x000001b8955bc800 JavaThread "pool-18-thread-1" [_thread_blocked, id=6244, stack(0x0000003ce6300000,0x0000003ce6400000)]
  0x000001b8955b8800 JavaThread "stderr" [_thread_in_native, id=7260, stack(0x0000003ce6400000,0x0000003ce6500000)]
  0x000001b8955bf000 JavaThread "stdout" [_thread_in_native, id=14508, stack(0x0000003ce6900000,0x0000003ce6a00000)]
  0x000001b8955b9000 JavaThread "WorkerExecutor Queue Thread 3" [_thread_blocked, id=7008, stack(0x0000003ce6a00000,0x0000003ce6b00000)]
  0x000001b8955bf800 JavaThread "WorkerExecutor Queue Thread 4" [_thread_blocked, id=4368, stack(0x0000003ce6b00000,0x0000003ce6c00000)]
  0x000001b8955ba000 JavaThread "WorkerExecutor Queue Thread 5" [_thread_blocked, id=4952, stack(0x0000003ce6c00000,0x0000003ce6d00000)]
  0x000001b8955c2000 JavaThread "WorkerExecutor Queue Thread 6" [_thread_blocked, id=9948, stack(0x0000003ce6e00000,0x0000003ce6f00000)]
  0x000001b8955c1800 JavaThread "WorkerExecutor Queue Thread 7" [_thread_blocked, id=6156, stack(0x0000003ce6f00000,0x0000003ce7000000)]
  0x000001b8955c4000 JavaThread "WorkerExecutor Queue Thread 8" [_thread_blocked, id=10460, stack(0x0000003ce7000000,0x0000003ce7100000)]
  0x000001b8955c3000 JavaThread "WorkerExecutor Queue Thread 9" [_thread_blocked, id=11244, stack(0x0000003ce7100000,0x0000003ce7200000)]
  0x000001b8955c6800 JavaThread "WorkerExecutor Queue Thread 10" [_thread_blocked, id=12652, stack(0x0000003ce7200000,0x0000003ce7300000)]
  0x000001b8955c4800 JavaThread "WorkerExecutor Queue Thread 11" [_thread_blocked, id=15308, stack(0x0000003ce7300000,0x0000003ce7400000)]
  0x000001b8955c0800 JavaThread "WorkerExecutor Queue Thread 12" [_thread_blocked, id=2664, stack(0x0000003ce7400000,0x0000003ce7500000)]
  0x000001b893460000 JavaThread "ForkJoinPool-9-worker-19" daemon [_thread_blocked, id=13212, stack(0x0000003ce7500000,0x0000003ce7600000)]
  0x000001b89345f000 JavaThread "ForkJoinPool-9-worker-5" daemon [_thread_blocked, id=9680, stack(0x0000003ce7600000,0x0000003ce7700000)]
  0x000001b893465800 JavaThread "ForkJoinPool-9-worker-23" daemon [_thread_blocked, id=15208, stack(0x0000003ce7700000,0x0000003ce7800000)]
  0x000001b893467000 JavaThread "ForkJoinPool-9-worker-9" daemon [_thread_blocked, id=14080, stack(0x0000003ce7800000,0x0000003ce7900000)]
  0x000001b893461800 JavaThread "ForkJoinPool-9-worker-27" daemon [_thread_blocked, id=856, stack(0x0000003ce7900000,0x0000003ce7a00000)]
  0x000001b893463000 JavaThread "ForkJoinPool-9-worker-13" daemon [_thread_blocked, id=11000, stack(0x0000003ce7a00000,0x0000003ce7b00000)]
  0x000001b89346b800 JavaThread "ForkJoinPool-9-worker-31" daemon [_thread_blocked, id=13012, stack(0x0000003ce7b00000,0x0000003ce7c00000)]
  0x000001b89346a800 JavaThread "ForkJoinPool-9-worker-17" daemon [_thread_blocked, id=10440, stack(0x0000003ce7c00000,0x0000003ce7d00000)]
  0x000001b89346c000 JavaThread "ForkJoinPool-9-worker-3" daemon [_thread_blocked, id=8332, stack(0x0000003ce7d00000,0x0000003ce7e00000)]
  0x000001b893469800 JavaThread "ForkJoinPool-9-worker-21" daemon [_thread_blocked, id=13228, stack(0x0000003ce7e00000,0x0000003ce7f00000)]
  0x000001b89346d000 JavaThread "ForkJoinPool-9-worker-7" daemon [_thread_blocked, id=14348, stack(0x0000003ce7f00000,0x0000003ce8000000)]
  0x000001b89346d800 JavaThread "ForkJoinPool-9-worker-25" daemon [_thread_blocked, id=3808, stack(0x0000003ce8000000,0x0000003ce8100000)]

Other Threads:
=>0x000001b8fed3f000 VMThread "VM Thread" [stack: 0x0000003ce1f00000,0x0000003ce2000000] [id=12952]
  0x000001b8ff83d800 WatcherThread [stack: 0x0000003ce2900000,0x0000003ce2a00000] [id=9252]
  0x000001b8ee3fa800 GCTaskThread "GC Thread#0" [stack: 0x0000003ce1a00000,0x0000003ce1b00000] [id=8460]
  0x000001b88f71d800 GCTaskThread "GC Thread#1" [stack: 0x0000003ce2a00000,0x0000003ce2b00000] [id=6356]
  0x000001b88f751000 GCTaskThread "GC Thread#2" [stack: 0x0000003ce2b00000,0x0000003ce2c00000] [id=12704]
  0x000001b88f634000 GCTaskThread "GC Thread#3" [stack: 0x0000003ce3500000,0x0000003ce3600000] [id=4172]
  0x000001b890f82800 GCTaskThread "GC Thread#4" [stack: 0x0000003ce3600000,0x0000003ce3700000] [id=7636]
  0x000001b8ff78b000 GCTaskThread "GC Thread#5" [stack: 0x0000003ce3700000,0x0000003ce3800000] [id=11840]
  0x000001b88f817800 GCTaskThread "GC Thread#6" [stack: 0x0000003ce3800000,0x0000003ce3900000] [id=1212]
  0x000001b88f53f000 GCTaskThread "GC Thread#7" [stack: 0x0000003ce3900000,0x0000003ce3a00000] [id=13260]
  0x000001b88f649000 GCTaskThread "GC Thread#8" [stack: 0x0000003ce3a00000,0x0000003ce3b00000] [id=10708]
  0x000001b88f848800 GCTaskThread "GC Thread#9" [stack: 0x0000003ce3b00000,0x0000003ce3c00000] [id=7780]
  0x000001b8ee42e000 ConcurrentGCThread "G1 Main Marker" [stack: 0x0000003ce1b00000,0x0000003ce1c00000] [id=10260]
  0x000001b8ee42f000 ConcurrentGCThread "G1 Conc#0" [stack: 0x0000003ce1c00000,0x0000003ce1d00000] [id=3360]
  0x000001b890f77800 ConcurrentGCThread "G1 Conc#1" [stack: 0x0000003ce4000000,0x0000003ce4100000] [id=3884]
  0x000001b88f63b000 ConcurrentGCThread "G1 Conc#2" [stack: 0x0000003ce4100000,0x0000003ce4200000] [id=5748]
  0x000001b8feb90800 ConcurrentGCThread "G1 Refine#0" [stack: 0x0000003ce1d00000,0x0000003ce1e00000] [id=2808]
  0x000001b88f703000 ConcurrentGCThread "G1 Refine#1" [stack: 0x0000003ce3c00000,0x0000003ce3d00000] [id=9100]
  0x000001b8feb91000 ConcurrentGCThread "G1 Young RemSet Sampling" [stack: 0x0000003ce1e00000,0x0000003ce1f00000] [id=8496]

Threads with active compile tasks:
C2 CompilerThread023994 %     4       com.android.tools.r8.dex.n::a @ 330 (1022 bytes)
C1 CompilerThread024185 % !   3       com.android.tools.r8.dex.r::b @ 460 (2682 bytes)

VM state:at safepoint (normal execution)

VM Mutex/Monitor currently owned by a thread:  ([mutex/lock_event])
[0x000001b8ee3dda80] Threads_lock - owner thread: 0x000001b8fed3f000
[0x000001b8ee3ddba0] Heap_lock - owner thread: 0x000001b893467000

Heap address: 0x0000000080000000, size: 2048 MB, Compressed Oops mode: 32-bit
Narrow klass base: 0x0000000000000000, Narrow klass shift: 3
Compressed class space size: 1073741824 Address: 0x0000000100000000

Heap:
 garbage-first heap   total 415744K, used 133032K [0x0000000080000000, 0x0000000100000000)
  region size 1024K, 2 young (2048K), 2 survivors (2048K)
 Metaspace       used 115556K, capacity 118551K, committed 119888K, reserved 1153024K
  class space    used 14089K, capacity 15082K, committed 15616K, reserved 1048576K
Heap Regions: E=young(eden), S=young(survivor), O=old, HS=humongous(starts), HC=humongous(continues), CS=collection set, F=free, A=archive, TAMS=top-at-mark-start (previous, next)
|   0|0x0000000080000000, 0x0000000080100000, 0x0000000080100000|100%| O|  |TAMS 0x0000000080100000, 0x0000000080100000| Untracked 
|   1|0x0000000080100000, 0x0000000080200000, 0x0000000080200000|100%| O|  |TAMS 0x0000000080200000, 0x0000000080200000| Untracked 
|   2|0x0000000080200000, 0x0000000080300000, 0x0000000080300000|100%| O|  |TAMS 0x0000000080300000, 0x0000000080300000| Untracked 
|   3|0x0000000080300000, 0x0000000080400000, 0x0000000080400000|100%|HS|  |TAMS 0x0000000080400000, 0x0000000080400000| Complete 
|   4|0x0000000080400000, 0x0000000080500000, 0x0000000080500000|100%|HC|  |TAMS 0x0000000080500000, 0x0000000080500000| Complete 
|   5|0x0000000080500000, 0x0000000080600000, 0x0000000080600000|100%|HC|  |TAMS 0x0000000080600000, 0x0000000080600000| Complete 
|   6|0x0000000080600000, 0x0000000080700000, 0x0000000080700000|100%| O|  |TAMS 0x0000000080700000, 0x0000000080700000| Untracked 
|   7|0x0000000080700000, 0x0000000080800000, 0x0000000080800000|100%| O|  |TAMS 0x0000000080800000, 0x0000000080800000| Untracked 
|   8|0x0000000080800000, 0x0000000080900000, 0x0000000080900000|100%| O|  |TAMS 0x0000000080900000, 0x0000000080900000| Untracked 
|   9|0x0000000080900000, 0x0000000080a00000, 0x0000000080a00000|100%| O|  |TAMS 0x0000000080a00000, 0x0000000080a00000| Untracked 
|  10|0x0000000080a00000, 0x0000000080b00000, 0x0000000080b00000|100%| O|  |TAMS 0x0000000080b00000, 0x0000000080b00000| Untracked 
|  11|0x0000000080b00000, 0x0000000080c00000, 0x0000000080c00000|100%| O|  |TAMS 0x0000000080c00000, 0x0000000080c00000| Untracked 
|  12|0x0000000080c00000, 0x0000000080d00000, 0x0000000080d00000|100%| O|  |TAMS 0x0000000080d00000, 0x0000000080d00000| Untracked 
|  13|0x0000000080d00000, 0x0000000080e00000, 0x0000000080e00000|100%| O|  |TAMS 0x0000000080e00000, 0x0000000080e00000| Untracked 
|  14|0x0000000080e00000, 0x0000000080f00000, 0x0000000080f00000|100%| O|  |TAMS 0x0000000080f00000, 0x0000000080f00000| Untracked 
|  15|0x0000000080f00000, 0x0000000081000000, 0x0000000081000000|100%|HS|  |TAMS 0x0000000081000000, 0x0000000081000000| Complete 
|  16|0x0000000081000000, 0x0000000081100000, 0x0000000081100000|100%|HC|  |TAMS 0x0000000081100000, 0x0000000081100000| Complete 
|  17|0x0000000081100000, 0x0000000081200000, 0x0000000081200000|100%|HS|  |TAMS 0x0000000081200000, 0x0000000081200000| Complete 
|  18|0x0000000081200000, 0x0000000081300000, 0x0000000081300000|100%|HC|  |TAMS 0x0000000081300000, 0x0000000081300000| Complete 
|  19|0x0000000081300000, 0x0000000081400000, 0x0000000081400000|100%|HC|  |TAMS 0x0000000081400000, 0x0000000081400000| Complete 
|  20|0x0000000081400000, 0x0000000081500000, 0x0000000081500000|100%|HS|  |TAMS 0x0000000081500000, 0x0000000081500000| Complete 
|  21|0x0000000081500000, 0x0000000081600000, 0x0000000081600000|100%|HC|  |TAMS 0x0000000081600000, 0x0000000081600000| Complete 
|  22|0x0000000081600000, 0x0000000081700000, 0x0000000081700000|100%|HC|  |TAMS 0x0000000081700000, 0x0000000081700000| Complete 
|  23|0x0000000081700000, 0x0000000081800000, 0x0000000081800000|100%|HC|  |TAMS 0x0000000081800000, 0x0000000081800000| Complete 
|  24|0x0000000081800000, 0x0000000081900000, 0x0000000081900000|100%|HS|  |TAMS 0x0000000081900000, 0x0000000081900000| Complete 
|  25|0x0000000081900000, 0x0000000081a00000, 0x0000000081a00000|100%|HC|  |TAMS 0x0000000081a00000, 0x0000000081a00000| Complete 
|  26|0x0000000081a00000, 0x0000000081b00000, 0x0000000081b00000|100%|HC|  |TAMS 0x0000000081b00000, 0x0000000081b00000| Complete 
|  27|0x0000000081b00000, 0x0000000081c00000, 0x0000000081c00000|100%| O|  |TAMS 0x0000000081c00000, 0x0000000081c00000| Untracked 
|  28|0x0000000081c00000, 0x0000000081d00000, 0x0000000081d00000|100%| O|  |TAMS 0x0000000081d00000, 0x0000000081d00000| Untracked 
|  29|0x0000000081d00000, 0x0000000081e00000, 0x0000000081e00000|100%| O|  |TAMS 0x0000000081e00000, 0x0000000081e00000| Untracked 
|  30|0x0000000081e00000, 0x0000000081f00000, 0x0000000081f00000|100%| O|  |TAMS 0x0000000081f00000, 0x0000000081f00000| Untracked 
|  31|0x0000000081f00000, 0x0000000082000000, 0x0000000082000000|100%| O|  |TAMS 0x0000000082000000, 0x0000000082000000| Untracked 
|  32|0x0000000082000000, 0x0000000082100000, 0x0000000082100000|100%| O|  |TAMS 0x0000000082100000, 0x0000000082100000| Untracked 
|  33|0x0000000082100000, 0x0000000082200000, 0x0000000082200000|100%| O|  |TAMS 0x0000000082200000, 0x0000000082200000| Untracked 
|  34|0x0000000082200000, 0x0000000082300000, 0x0000000082300000|100%|HS|  |TAMS 0x0000000082300000, 0x0000000082300000| Complete 
|  35|0x0000000082300000, 0x0000000082400000, 0x0000000082400000|100%|HC|  |TAMS 0x0000000082400000, 0x0000000082400000| Complete 
|  36|0x0000000082400000, 0x0000000082500000, 0x0000000082500000|100%| O|  |TAMS 0x0000000082500000, 0x0000000082500000| Untracked 
|  37|0x0000000082500000, 0x0000000082600000, 0x0000000082600000|100%| O|  |TAMS 0x0000000082600000, 0x0000000082600000| Untracked 
|  38|0x0000000082600000, 0x0000000082700000, 0x0000000082700000|100%| O|  |TAMS 0x0000000082700000, 0x0000000082700000| Untracked 
|  39|0x0000000082700000, 0x0000000082800000, 0x0000000082800000|100%| O|  |TAMS 0x0000000082800000, 0x0000000082800000| Untracked 
|  40|0x0000000082800000, 0x0000000082900000, 0x0000000082900000|100%|HS|  |TAMS 0x0000000082900000, 0x0000000082900000| Complete 
|  41|0x0000000082900000, 0x0000000082a00000, 0x0000000082a00000|100%|HS|  |TAMS 0x0000000082a00000, 0x0000000082a00000| Complete 
|  42|0x0000000082a00000, 0x0000000082a00000, 0x0000000082b00000|  0%| F|  |TAMS 0x0000000082a00000, 0x0000000082a00000| Untracked 
|  43|0x0000000082b00000, 0x0000000082c00000, 0x0000000082c00000|100%| O|  |TAMS 0x0000000082c00000, 0x0000000082c00000| Untracked 
|  44|0x0000000082c00000, 0x0000000082d00000, 0x0000000082d00000|100%| O|  |TAMS 0x0000000082d00000, 0x0000000082d00000| Untracked 
|  45|0x0000000082d00000, 0x0000000082e00000, 0x0000000082e00000|100%| O|  |TAMS 0x0000000082e00000, 0x0000000082e00000| Untracked 
|  46|0x0000000082e00000, 0x0000000082f00000, 0x0000000082f00000|100%| O|  |TAMS 0x0000000082f00000, 0x0000000082f00000| Untracked 
|  47|0x0000000082f00000, 0x0000000083000000, 0x0000000083000000|100%| O|  |TAMS 0x0000000083000000, 0x0000000083000000| Untracked 
|  48|0x0000000083000000, 0x0000000083100000, 0x0000000083100000|100%| O|  |TAMS 0x0000000083100000, 0x0000000083100000| Untracked 
|  49|0x0000000083100000, 0x0000000083200000, 0x0000000083200000|100%| O|  |TAMS 0x0000000083200000, 0x0000000083200000| Untracked 
|  50|0x0000000083200000, 0x0000000083300000, 0x0000000083300000|100%| O|  |TAMS 0x0000000083300000, 0x0000000083300000| Untracked 
|  51|0x0000000083300000, 0x0000000083400000, 0x0000000083400000|100%| O|  |TAMS 0x0000000083400000, 0x0000000083400000| Untracked 
|  52|0x0000000083400000, 0x0000000083500000, 0x0000000083500000|100%|HS|  |TAMS 0x0000000083400000, 0x0000000083500000| Complete 
|  53|0x0000000083500000, 0x0000000083600000, 0x0000000083600000|100%| O|  |TAMS 0x0000000083600000, 0x0000000083600000| Untracked 
|  54|0x0000000083600000, 0x0000000083700000, 0x0000000083700000|100%| O|  |TAMS 0x0000000083700000, 0x0000000083700000| Untracked 
|  55|0x0000000083700000, 0x0000000083800000, 0x0000000083800000|100%|HS|  |TAMS 0x0000000083700000, 0x0000000083800000| Complete 
|  56|0x0000000083800000, 0x0000000083900000, 0x0000000083900000|100%| O|  |TAMS 0x0000000083900000, 0x0000000083900000| Untracked 
|  57|0x0000000083900000, 0x0000000083a00000, 0x0000000083a00000|100%| O|  |TAMS 0x0000000083a00000, 0x0000000083a00000| Untracked 
|  58|0x0000000083a00000, 0x0000000083b00000, 0x0000000083b00000|100%| O|  |TAMS 0x0000000083b00000, 0x0000000083b00000| Untracked 
|  59|0x0000000083b00000, 0x0000000083c00000, 0x0000000083c00000|100%| O|  |TAMS 0x0000000083c00000, 0x0000000083c00000| Untracked 
|  60|0x0000000083c00000, 0x0000000083c00000, 0x0000000083d00000|  0%| F|  |TAMS 0x0000000083c00000, 0x0000000083c00000| Untracked 
|  61|0x0000000083d00000, 0x0000000083e00000, 0x0000000083e00000|100%| O|  |TAMS 0x0000000083e00000, 0x0000000083e00000| Untracked 
|  62|0x0000000083e00000, 0x0000000083e00000, 0x0000000083f00000|  0%| F|  |TAMS 0x0000000083e00000, 0x0000000083e00000| Untracked 
|  63|0x0000000083f00000, 0x0000000084000000, 0x0000000084000000|100%| O|  |TAMS 0x0000000084000000, 0x0000000084000000| Untracked 
|  64|0x0000000084000000, 0x0000000084000000, 0x0000000084100000|  0%| F|  |TAMS 0x0000000084000000, 0x0000000084000000| Untracked 
|  65|0x0000000084100000, 0x0000000084200000, 0x0000000084200000|100%| O|  |TAMS 0x0000000084200000, 0x0000000084200000| Untracked 
|  66|0x0000000084200000, 0x0000000084300000, 0x0000000084300000|100%| O|  |TAMS 0x0000000084300000, 0x0000000084300000| Untracked 
|  67|0x0000000084300000, 0x0000000084400000, 0x0000000084400000|100%| O|  |TAMS 0x0000000084400000, 0x0000000084400000| Untracked 
|  68|0x0000000084400000, 0x0000000084400000, 0x0000000084500000|  0%| F|  |TAMS 0x0000000084400000, 0x0000000084400000| Untracked 
|  69|0x0000000084500000, 0x0000000084600000, 0x0000000084600000|100%| O|  |TAMS 0x0000000084600000, 0x0000000084600000| Untracked 
|  70|0x0000000084600000, 0x0000000084700000, 0x0000000084700000|100%| O|  |TAMS 0x0000000084700000, 0x0000000084700000| Untracked 
|  71|0x0000000084700000, 0x0000000084800000, 0x0000000084800000|100%| O|  |TAMS 0x0000000084800000, 0x0000000084800000| Untracked 
|  72|0x0000000084800000, 0x0000000084900000, 0x0000000084900000|100%| O|  |TAMS 0x0000000084900000, 0x0000000084900000| Untracked 
|  73|0x0000000084900000, 0x0000000084900000, 0x0000000084a00000|  0%| F|  |TAMS 0x0000000084900000, 0x0000000084900000| Untracked 
|  74|0x0000000084a00000, 0x0000000084b00000, 0x0000000084b00000|100%| O|  |TAMS 0x0000000084b00000, 0x0000000084b00000| Untracked 
|  75|0x0000000084b00000, 0x0000000084c00000, 0x0000000084c00000|100%| O|  |TAMS 0x0000000084c00000, 0x0000000084c00000| Untracked 
|  76|0x0000000084c00000, 0x0000000084d00000, 0x0000000084d00000|100%| O|  |TAMS 0x0000000084d00000, 0x0000000084d00000| Untracked 
|  77|0x0000000084d00000, 0x0000000084e00000, 0x0000000084e00000|100%|HS|  |TAMS 0x0000000084e00000, 0x0000000084e00000| Complete 
|  78|0x0000000084e00000, 0x0000000084f00000, 0x0000000084f00000|100%|HC|  |TAMS 0x0000000084f00000, 0x0000000084f00000| Complete 
|  79|0x0000000084f00000, 0x0000000085000000, 0x0000000085000000|100%|HC|  |TAMS 0x0000000085000000, 0x0000000085000000| Complete 
|  80|0x0000000085000000, 0x0000000085100000, 0x0000000085100000|100%|HC|  |TAMS 0x0000000085100000, 0x0000000085100000| Complete 
|  81|0x0000000085100000, 0x0000000085200000, 0x0000000085200000|100%| O|  |TAMS 0x0000000085200000, 0x0000000085200000| Untracked 
|  82|0x0000000085200000, 0x0000000085300000, 0x0000000085300000|100%| O|  |TAMS 0x0000000085300000, 0x0000000085300000| Untracked 
|  83|0x0000000085300000, 0x0000000085400000, 0x0000000085400000|100%| O|  |TAMS 0x0000000085400000, 0x0000000085400000| Untracked 
|  84|0x0000000085400000, 0x0000000085400000, 0x0000000085500000|  0%| F|  |TAMS 0x0000000085400000, 0x0000000085400000| Untracked 
|  85|0x0000000085500000, 0x0000000085600000, 0x0000000085600000|100%| O|  |TAMS 0x0000000085600000, 0x0000000085600000| Untracked 
|  86|0x0000000085600000, 0x0000000085700000, 0x0000000085700000|100%| O|  |TAMS 0x0000000085700000, 0x0000000085700000| Untracked 
|  87|0x0000000085700000, 0x0000000085800000, 0x0000000085800000|100%| O|  |TAMS 0x0000000085800000, 0x0000000085800000| Untracked 
|  88|0x0000000085800000, 0x0000000085900000, 0x0000000085900000|100%| O|  |TAMS 0x0000000085900000, 0x0000000085900000| Untracked 
|  89|0x0000000085900000, 0x0000000085a00000, 0x0000000085a00000|100%| O|  |TAMS 0x0000000085a00000, 0x0000000085a00000| Untracked 
|  90|0x0000000085a00000, 0x0000000085b00000, 0x0000000085b00000|100%| O|  |TAMS 0x0000000085b00000, 0x0000000085b00000| Untracked 
|  91|0x0000000085b00000, 0x0000000085c00000, 0x0000000085c00000|100%| O|  |TAMS 0x0000000085c00000, 0x0000000085c00000| Untracked 
|  92|0x0000000085c00000, 0x0000000085d00000, 0x0000000085d00000|100%| O|  |TAMS 0x0000000085d00000, 0x0000000085d00000| Untracked 
|  93|0x0000000085d00000, 0x0000000085e00000, 0x0000000085e00000|100%| O|  |TAMS 0x0000000085e00000, 0x0000000085e00000| Untracked 
|  94|0x0000000085e00000, 0x0000000085f00000, 0x0000000085f00000|100%| O|  |TAMS 0x0000000085f00000, 0x0000000085f00000| Untracked 
|  95|0x0000000085f00000, 0x0000000086000000, 0x0000000086000000|100%| O|  |TAMS 0x0000000086000000, 0x0000000086000000| Untracked 
|  96|0x0000000086000000, 0x0000000086100000, 0x0000000086100000|100%| O|  |TAMS 0x0000000086100000, 0x0000000086100000| Untracked 
|  97|0x0000000086100000, 0x0000000086200000, 0x0000000086200000|100%| O|  |TAMS 0x0000000086200000, 0x0000000086200000| Untracked 
|  98|0x0000000086200000, 0x0000000086300000, 0x0000000086300000|100%| O|  |TAMS 0x0000000086300000, 0x0000000086300000| Untracked 
|  99|0x0000000086300000, 0x0000000086300000, 0x0000000086400000|  0%| F|  |TAMS 0x0000000086300000, 0x0000000086300000| Untracked 
| 100|0x0000000086400000, 0x0000000086500000, 0x0000000086500000|100%| O|  |TAMS 0x0000000086500000, 0x0000000086500000| Untracked 
| 101|0x0000000086500000, 0x0000000086600000, 0x0000000086600000|100%| O|  |TAMS 0x0000000086600000, 0x0000000086600000| Untracked 
| 102|0x0000000086600000, 0x0000000086700000, 0x0000000086700000|100%| O|  |TAMS 0x0000000086700000, 0x0000000086700000| Untracked 
| 103|0x0000000086700000, 0x0000000086800000, 0x0000000086800000|100%| O|  |TAMS 0x0000000086800000, 0x0000000086800000| Untracked 
| 104|0x0000000086800000, 0x0000000086900000, 0x0000000086900000|100%| O|  |TAMS 0x0000000086900000, 0x0000000086900000| Untracked 
| 105|0x0000000086900000, 0x0000000086a00000, 0x0000000086a00000|100%| O|  |TAMS 0x0000000086a00000, 0x0000000086a00000| Untracked 
| 106|0x0000000086a00000, 0x0000000086b00000, 0x0000000086b00000|100%| O|  |TAMS 0x0000000086b00000, 0x0000000086b00000| Untracked 
| 107|0x0000000086b00000, 0x0000000086b00000, 0x0000000086c00000|  0%| F|  |TAMS 0x0000000086b00000, 0x0000000086b00000| Untracked 
| 108|0x0000000086c00000, 0x0000000086d00000, 0x0000000086d00000|100%| O|  |TAMS 0x0000000086d00000, 0x0000000086d00000| Untracked 
| 109|0x0000000086d00000, 0x0000000086e00000, 0x0000000086e00000|100%| O|  |TAMS 0x0000000086e00000, 0x0000000086e00000| Untracked 
| 110|0x0000000086e00000, 0x0000000086f00000, 0x0000000086f00000|100%| O|  |TAMS 0x0000000086f00000, 0x0000000086f00000| Untracked 
| 111|0x0000000086f00000, 0x0000000087000000, 0x0000000087000000|100%| O|  |TAMS 0x0000000087000000, 0x0000000087000000| Untracked 
| 112|0x0000000087000000, 0x0000000087100000, 0x0000000087100000|100%| O|  |TAMS 0x0000000087100000, 0x0000000087100000| Untracked 
| 113|0x0000000087100000, 0x0000000087200000, 0x0000000087200000|100%| O|  |TAMS 0x0000000087200000, 0x0000000087200000| Untracked 
| 114|0x0000000087200000, 0x0000000087300000, 0x0000000087300000|100%| O|  |TAMS 0x0000000087300000, 0x0000000087300000| Untracked 
| 115|0x0000000087300000, 0x0000000087400000, 0x0000000087400000|100%| O|  |TAMS 0x0000000087400000, 0x0000000087400000| Untracked 
| 116|0x0000000087400000, 0x0000000087500000, 0x0000000087500000|100%| O|  |TAMS 0x0000000087500000, 0x0000000087500000| Untracked 
| 117|0x0000000087500000, 0x0000000087600000, 0x0000000087600000|100%| O|  |TAMS 0x0000000087600000, 0x0000000087600000| Untracked 
| 118|0x0000000087600000, 0x0000000087700000, 0x0000000087700000|100%| O|  |TAMS 0x00000000876b0c00, 0x0000000087700000| Untracked 
| 119|0x0000000087700000, 0x0000000087800000, 0x0000000087800000|100%|HS|  |TAMS 0x0000000087700000, 0x0000000087800000| Complete 
| 120|0x0000000087800000, 0x0000000087900000, 0x0000000087900000|100%|HS|  |TAMS 0x0000000087800000, 0x0000000087900000| Complete 
| 121|0x0000000087900000, 0x0000000087a00000, 0x0000000087a00000|100%| O|  |TAMS 0x0000000087900000, 0x0000000087a00000| Untracked 
| 122|0x0000000087a00000, 0x0000000087b00000, 0x0000000087b00000|100%| O|  |TAMS 0x0000000087a00000, 0x0000000087b00000| Untracked 
| 123|0x0000000087b00000, 0x0000000087c00000, 0x0000000087c00000|100%| O|  |TAMS 0x0000000087b00000, 0x0000000087c00000| Untracked 
| 124|0x0000000087c00000, 0x0000000087d00000, 0x0000000087d00000|100%| O|  |TAMS 0x0000000087c00000, 0x0000000087d00000| Untracked 
| 125|0x0000000087d00000, 0x0000000087e00000, 0x0000000087e00000|100%| O|  |TAMS 0x0000000087d00000, 0x0000000087e00000| Untracked 
| 126|0x0000000087e00000, 0x0000000087f00000, 0x0000000087f00000|100%| O|  |TAMS 0x0000000087e00000, 0x0000000087f00000| Untracked 
| 127|0x0000000087f00000, 0x0000000088000000, 0x0000000088000000|100%| O|  |TAMS 0x0000000087f00000, 0x0000000088000000| Untracked 
| 128|0x0000000088000000, 0x0000000088100000, 0x0000000088100000|100%| O|  |TAMS 0x0000000088000000, 0x0000000088100000| Untracked 
| 129|0x0000000088100000, 0x0000000088200000, 0x0000000088200000|100%| O|  |TAMS 0x0000000088100000, 0x0000000088200000| Untracked 
| 130|0x0000000088200000, 0x0000000088300000, 0x0000000088300000|100%| O|  |TAMS 0x0000000088200000, 0x0000000088300000| Untracked 
| 131|0x0000000088300000, 0x0000000088400000, 0x0000000088400000|100%| O|  |TAMS 0x0000000088300000, 0x0000000088400000| Untracked 
| 132|0x0000000088400000, 0x0000000088500000, 0x0000000088500000|100%| O|  |TAMS 0x0000000088400000, 0x0000000088500000| Untracked 
| 133|0x0000000088500000, 0x0000000088600000, 0x0000000088600000|100%| O|  |TAMS 0x0000000088500000, 0x0000000088600000| Untracked 
| 134|0x0000000088600000, 0x0000000088700000, 0x0000000088700000|100%| O|  |TAMS 0x0000000088600000, 0x0000000088700000| Untracked 
| 135|0x0000000088700000, 0x0000000088800000, 0x0000000088800000|100%| O|  |TAMS 0x0000000088700000, 0x0000000088800000| Untracked 
| 136|0x0000000088800000, 0x0000000088900000, 0x0000000088900000|100%| O|  |TAMS 0x0000000088800000, 0x0000000088900000| Untracked 
| 137|0x0000000088900000, 0x00000000889bd600, 0x0000000088a00000| 73%| O|  |TAMS 0x0000000088900000, 0x00000000889bd600| Untracked 
| 138|0x0000000088a00000, 0x0000000088a00000, 0x0000000088b00000|  0%| F|  |TAMS 0x0000000088a00000, 0x0000000088a00000| Untracked 
| 139|0x0000000088b00000, 0x0000000088b00000, 0x0000000088c00000|  0%| F|  |TAMS 0x0000000088b00000, 0x0000000088b00000| Untracked 
| 140|0x0000000088c00000, 0x0000000088c00000, 0x0000000088d00000|  0%| F|  |TAMS 0x0000000088c00000, 0x0000000088c00000| Untracked 
| 141|0x0000000088d00000, 0x0000000088d00000, 0x0000000088e00000|  0%| F|  |TAMS 0x0000000088d00000, 0x0000000088d00000| Untracked 
| 142|0x0000000088e00000, 0x0000000088e00000, 0x0000000088f00000|  0%| F|  |TAMS 0x0000000088e00000, 0x0000000088e00000| Untracked 
| 143|0x0000000088f00000, 0x0000000088f00000, 0x0000000089000000|  0%| F|  |TAMS 0x0000000088f00000, 0x0000000088f00000| Untracked 
| 144|0x0000000089000000, 0x0000000089000000, 0x0000000089100000|  0%| F|  |TAMS 0x0000000089000000, 0x0000000089000000| Untracked 
| 145|0x0000000089100000, 0x0000000089100000, 0x0000000089200000|  0%| F|  |TAMS 0x0000000089100000, 0x0000000089100000| Untracked 
| 146|0x0000000089200000, 0x0000000089200000, 0x0000000089300000|  0%| F|  |TAMS 0x0000000089200000, 0x0000000089200000| Untracked 
| 147|0x0000000089300000, 0x0000000089300000, 0x0000000089400000|  0%| F|  |TAMS 0x0000000089300000, 0x0000000089300000| Untracked 
| 148|0x0000000089400000, 0x0000000089400000, 0x0000000089500000|  0%| F|  |TAMS 0x0000000089400000, 0x0000000089400000| Untracked 
| 149|0x0000000089500000, 0x0000000089500000, 0x0000000089600000|  0%| F|  |TAMS 0x0000000089500000, 0x0000000089500000| Untracked 
| 150|0x0000000089600000, 0x0000000089600000, 0x0000000089700000|  0%| F|  |TAMS 0x0000000089600000, 0x0000000089600000| Untracked 
| 151|0x0000000089700000, 0x0000000089700000, 0x0000000089800000|  0%| F|  |TAMS 0x0000000089700000, 0x0000000089700000| Untracked 
| 152|0x0000000089800000, 0x0000000089800000, 0x0000000089900000|  0%| F|  |TAMS 0x0000000089800000, 0x0000000089800000| Untracked 
| 153|0x0000000089900000, 0x0000000089900000, 0x0000000089a00000|  0%| F|  |TAMS 0x0000000089900000, 0x0000000089900000| Untracked 
| 154|0x0000000089a00000, 0x0000000089a00000, 0x0000000089b00000|  0%| F|  |TAMS 0x0000000089a00000, 0x0000000089a00000| Untracked 
| 155|0x0000000089b00000, 0x0000000089b00000, 0x0000000089c00000|  0%| F|  |TAMS 0x0000000089b00000, 0x0000000089b00000| Untracked 
| 156|0x0000000089c00000, 0x0000000089c00000, 0x0000000089d00000|  0%| F|  |TAMS 0x0000000089c00000, 0x0000000089c00000| Untracked 
| 157|0x0000000089d00000, 0x0000000089d00000, 0x0000000089e00000|  0%| F|  |TAMS 0x0000000089d00000, 0x0000000089d00000| Untracked 
| 158|0x0000000089e00000, 0x0000000089e00000, 0x0000000089f00000|  0%| F|  |TAMS 0x0000000089e00000, 0x0000000089e00000| Untracked 
| 159|0x0000000089f00000, 0x0000000089f00000, 0x000000008a000000|  0%| F|  |TAMS 0x0000000089f00000, 0x0000000089f00000| Untracked 
| 160|0x000000008a000000, 0x000000008a000000, 0x000000008a100000|  0%| F|  |TAMS 0x000000008a000000, 0x000000008a000000| Untracked 
| 161|0x000000008a100000, 0x000000008a100000, 0x000000008a200000|  0%| F|  |TAMS 0x000000008a100000, 0x000000008a100000| Untracked 
| 162|0x000000008a200000, 0x000000008a200000, 0x000000008a300000|  0%| F|  |TAMS 0x000000008a200000, 0x000000008a200000| Untracked 
| 163|0x000000008a300000, 0x000000008a300000, 0x000000008a400000|  0%| F|  |TAMS 0x000000008a300000, 0x000000008a300000| Untracked 
| 164|0x000000008a400000, 0x000000008a400000, 0x000000008a500000|  0%| F|  |TAMS 0x000000008a400000, 0x000000008a400000| Untracked 
| 165|0x000000008a500000, 0x000000008a500000, 0x000000008a600000|  0%| F|  |TAMS 0x000000008a500000, 0x000000008a500000| Untracked 
| 166|0x000000008a600000, 0x000000008a600000, 0x000000008a700000|  0%| F|  |TAMS 0x000000008a600000, 0x000000008a600000| Untracked 
| 167|0x000000008a700000, 0x000000008a700000, 0x000000008a800000|  0%| F|  |TAMS 0x000000008a700000, 0x000000008a700000| Untracked 
| 168|0x000000008a800000, 0x000000008a800000, 0x000000008a900000|  0%| F|  |TAMS 0x000000008a800000, 0x000000008a800000| Untracked 
| 169|0x000000008a900000, 0x000000008a900000, 0x000000008aa00000|  0%| F|  |TAMS 0x000000008a900000, 0x000000008a900000| Untracked 
| 170|0x000000008aa00000, 0x000000008aa00000, 0x000000008ab00000|  0%| F|  |TAMS 0x000000008aa00000, 0x000000008aa00000| Untracked 
| 171|0x000000008ab00000, 0x000000008ab00000, 0x000000008ac00000|  0%| F|  |TAMS 0x000000008ab00000, 0x000000008ab00000| Untracked 
| 172|0x000000008ac00000, 0x000000008ac00000, 0x000000008ad00000|  0%| F|  |TAMS 0x000000008ac00000, 0x000000008ac00000| Untracked 
| 173|0x000000008ad00000, 0x000000008ad00000, 0x000000008ae00000|  0%| F|  |TAMS 0x000000008ad00000, 0x000000008ad00000| Untracked 
| 174|0x000000008ae00000, 0x000000008ae00000, 0x000000008af00000|  0%| F|  |TAMS 0x000000008ae00000, 0x000000008ae00000| Untracked 
| 175|0x000000008af00000, 0x000000008af00000, 0x000000008b000000|  0%| F|  |TAMS 0x000000008af00000, 0x000000008af00000| Untracked 
| 176|0x000000008b000000, 0x000000008b000000, 0x000000008b100000|  0%| F|  |TAMS 0x000000008b000000, 0x000000008b000000| Untracked 
| 177|0x000000008b100000, 0x000000008b100000, 0x000000008b200000|  0%| F|  |TAMS 0x000000008b100000, 0x000000008b100000| Untracked 
| 178|0x000000008b200000, 0x000000008b200000, 0x000000008b300000|  0%| F|  |TAMS 0x000000008b200000, 0x000000008b200000| Untracked 
| 179|0x000000008b300000, 0x000000008b300000, 0x000000008b400000|  0%| F|  |TAMS 0x000000008b300000, 0x000000008b300000| Untracked 
| 180|0x000000008b400000, 0x000000008b400000, 0x000000008b500000|  0%| F|  |TAMS 0x000000008b400000, 0x000000008b400000| Untracked 
| 181|0x000000008b500000, 0x000000008b500000, 0x000000008b600000|  0%| F|  |TAMS 0x000000008b500000, 0x000000008b500000| Untracked 
| 182|0x000000008b600000, 0x000000008b600000, 0x000000008b700000|  0%| F|  |TAMS 0x000000008b600000, 0x000000008b600000| Untracked 
| 183|0x000000008b700000, 0x000000008b700000, 0x000000008b800000|  0%| F|  |TAMS 0x000000008b700000, 0x000000008b700000| Untracked 
| 184|0x000000008b800000, 0x000000008b800000, 0x000000008b900000|  0%| F|  |TAMS 0x000000008b800000, 0x000000008b800000| Untracked 
| 185|0x000000008b900000, 0x000000008b900000, 0x000000008ba00000|  0%| F|  |TAMS 0x000000008b900000, 0x000000008b900000| Untracked 
| 186|0x000000008ba00000, 0x000000008ba00000, 0x000000008bb00000|  0%| F|  |TAMS 0x000000008ba00000, 0x000000008ba00000| Untracked 
| 187|0x000000008bb00000, 0x000000008bb00000, 0x000000008bc00000|  0%| F|  |TAMS 0x000000008bb00000, 0x000000008bb00000| Untracked 
| 188|0x000000008bc00000, 0x000000008bc00000, 0x000000008bd00000|  0%| F|  |TAMS 0x000000008bc00000, 0x000000008bc00000| Untracked 
| 189|0x000000008bd00000, 0x000000008bd00000, 0x000000008be00000|  0%| F|  |TAMS 0x000000008bd00000, 0x000000008bd00000| Untracked 
| 190|0x000000008be00000, 0x000000008be00000, 0x000000008bf00000|  0%| F|  |TAMS 0x000000008be00000, 0x000000008be00000| Untracked 
| 191|0x000000008bf00000, 0x000000008bf00000, 0x000000008c000000|  0%| F|  |TAMS 0x000000008bf00000, 0x000000008bf00000| Untracked 
| 192|0x000000008c000000, 0x000000008c000000, 0x000000008c100000|  0%| F|  |TAMS 0x000000008c000000, 0x000000008c000000| Untracked 
| 193|0x000000008c100000, 0x000000008c100000, 0x000000008c200000|  0%| F|  |TAMS 0x000000008c100000, 0x000000008c100000| Untracked 
| 194|0x000000008c200000, 0x000000008c200000, 0x000000008c300000|  0%| F|  |TAMS 0x000000008c200000, 0x000000008c200000| Untracked 
| 195|0x000000008c300000, 0x000000008c300000, 0x000000008c400000|  0%| F|  |TAMS 0x000000008c300000, 0x000000008c300000| Untracked 
| 196|0x000000008c400000, 0x000000008c400000, 0x000000008c500000|  0%| F|  |TAMS 0x000000008c400000, 0x000000008c400000| Untracked 
| 197|0x000000008c500000, 0x000000008c500000, 0x000000008c600000|  0%| F|  |TAMS 0x000000008c500000, 0x000000008c500000| Untracked 
| 198|0x000000008c600000, 0x000000008c600000, 0x000000008c700000|  0%| F|  |TAMS 0x000000008c600000, 0x000000008c600000| Untracked 
| 199|0x000000008c700000, 0x000000008c700000, 0x000000008c800000|  0%| F|  |TAMS 0x000000008c700000, 0x000000008c700000| Untracked 
| 200|0x000000008c800000, 0x000000008c800000, 0x000000008c900000|  0%| F|  |TAMS 0x000000008c800000, 0x000000008c800000| Untracked 
| 201|0x000000008c900000, 0x000000008c92cc58, 0x000000008ca00000| 17%| S|CS|TAMS 0x000000008c900000, 0x000000008c900000| Complete 
| 202|0x000000008ca00000, 0x000000008cb00000, 0x000000008cb00000|100%| S|CS|TAMS 0x000000008ca00000, 0x000000008ca00000| Complete 
| 203|0x000000008cb00000, 0x000000008cb00000, 0x000000008cc00000|  0%| F|  |TAMS 0x000000008cb00000, 0x000000008cb00000| Untracked 

Card table byte_map: [0x000001b8f7840000,0x000001b8f7c40000] _byte_map_base: 0x000001b8f7440000

Marking Bits (Prev, Next): (CMBitMap*) 0x000001b8ee4250c0, (CMBitMap*) 0x000001b8ee425088
 Prev Bits: [0x000001b8fa040000, 0x000001b8fc040000)
 Next Bits: [0x000001b8f8040000, 0x000001b8fa040000)

Polling page: 0x000001b8ee4d0000

Metaspace:

Usage:
  Non-class:    101.04 MB capacity,    99.09 MB ( 98%) used,     1.62 MB (  2%) free+waste,   338.94 KB ( <1%) overhead. 
      Class:     14.73 MB capacity,    13.76 MB ( 93%) used,   850.01 KB (  6%) free+waste,   142.38 KB ( <1%) overhead. 
       Both:    115.77 MB capacity,   112.85 MB ( 97%) used,     2.45 MB (  2%) free+waste,   481.31 KB ( <1%) overhead. 

Virtual space:
  Non-class space:      102.00 MB reserved,     101.83 MB (>99%) committed 
      Class space:        1.00 GB reserved,      15.25 MB (  1%) committed 
             Both:        1.10 GB reserved,     117.08 MB ( 10%) committed 

Chunk freelists:
   Non-Class:  76.38 KB
       Class:  60.13 KB
        Both:  136.50 KB

CodeHeap 'non-profiled nmethods': size=120000Kb used=15974Kb max_used=15974Kb free=104025Kb
 bounds [0x000001b887ad0000, 0x000001b888a70000, 0x000001b88f000000]
CodeHeap 'profiled nmethods': size=120000Kb used=44099Kb max_used=44099Kb free=75900Kb
 bounds [0x000001b8805a0000, 0x000001b883110000, 0x000001b887ad0000]
CodeHeap 'non-nmethods': size=5760Kb used=2331Kb max_used=2413Kb free=3428Kb
 bounds [0x000001b880000000, 0x000001b880270000, 0x000001b8805a0000]
 total_blobs=31918 nmethods=19387 adapters=852
 compilation: enabled
              stopped_count=0, restarted_count=0
 full_count=0

Compilation events (10 events):
Event: 9641.333 Thread 0x000001b8fed6e800 nmethod 24180% 0x000001b882e54490 code [0x000001b882e54840, 0x000001b882e55fa0]
Event: 9641.334 Thread 0x000001b8fed6e800 24181       3       java.lang.String::join (59 bytes)
Event: 9641.380 Thread 0x000001b8fed6e800 nmethod 24181 0x000001b882a7a810 code [0x000001b882a7aa40, 0x000001b882a7b070]
Event: 9641.380 Thread 0x000001b8fed6e800 24182       3       com.android.tools.r8.naming.u$b::a (88 bytes)
Event: 9641.381 Thread 0x000001b8fed6e800 nmethod 24182 0x000001b882e64890 code [0x000001b882e64c20, 0x000001b882e66260]
Event: 9641.385 Thread 0x000001b8fed6e800 24183 %     3       java.util.TimSort::gallopLeft @ 259 (335 bytes)
Event: 9641.385 Thread 0x000001b8fed6e800 nmethod 24183% 0x000001b882dccb10 code [0x000001b882dccd60, 0x000001b882dcd9a0]
Event: 9641.390 Thread 0x000001b8fed6e800 24184       3       java.util.TimSort::gallopLeft (335 bytes)
Event: 9641.391 Thread 0x000001b8fed6e800 nmethod 24184 0x000001b882dda790 code [0x000001b882dda9e0, 0x000001b882ddb520]
Event: 9641.391 Thread 0x000001b8fed6e800 24185 % !   3       com.android.tools.r8.dex.r::b @ 460 (2682 bytes)

GC Heap History (10 events):
Event: 9640.614 GC heap after
{Heap after GC invocations=165 (full 0):
 garbage-first heap   total 208896K, used 96045K [0x0000000080000000, 0x0000000100000000)
  region size 1024K, 4 young (4096K), 4 survivors (4096K)
 Metaspace       used 115344K, capacity 118317K, committed 119888K, reserved 1153024K
  class space    used 14089K, capacity 15082K, committed 15616K, reserved 1048576K
}
Event: 9640.803 GC heap before
{Heap before GC invocations=166 (full 0):
 garbage-first heap   total 208896K, used 148269K [0x0000000080000000, 0x0000000100000000)
  region size 1024K, 52 young (53248K), 4 survivors (4096K)
 Metaspace       used 115445K, capacity 118385K, committed 119888K, reserved 1153024K
  class space    used 14089K, capacity 15082K, committed 15616K, reserved 1048576K
}
Event: 9640.882 GC heap after
{Heap after GC invocations=167 (full 0):
 garbage-first heap   total 208896K, used 122736K [0x0000000080000000, 0x0000000100000000)
  region size 1024K, 7 young (7168K), 7 survivors (7168K)
 Metaspace       used 115445K, capacity 118385K, committed 119888K, reserved 1153024K
  class space    used 14089K, capacity 15082K, committed 15616K, reserved 1048576K
}
Event: 9641.039 GC heap before
{Heap before GC invocations=167 (full 0):
 garbage-first heap   total 208896K, used 141168K [0x0000000080000000, 0x0000000100000000)
  region size 1024K, 27 young (27648K), 7 survivors (7168K)
 Metaspace       used 115482K, capacity 118457K, committed 119888K, reserved 1153024K
  class space    used 14089K, capacity 15082K, committed 15616K, reserved 1048576K
}
Event: 9641.055 GC heap after
{Heap after GC invocations=168 (full 0):
 garbage-first heap   total 208896K, used 125304K [0x0000000080000000, 0x0000000100000000)
  region size 1024K, 5 young (5120K), 5 survivors (5120K)
 Metaspace       used 115482K, capacity 118457K, committed 119888K, reserved 1153024K
  class space    used 14089K, capacity 15082K, committed 15616K, reserved 1048576K
}
Event: 9641.309 GC heap before
{Heap before GC invocations=169 (full 0):
 garbage-first heap   total 208896K, used 158072K [0x0000000080000000, 0x0000000100000000)
  region size 1024K, 35 young (35840K), 5 survivors (5120K)
 Metaspace       used 115498K, capacity 118459K, committed 119888K, reserved 1153024K
  class space    used 14089K, capacity 15082K, committed 15616K, reserved 1048576K
}
Event: 9641.328 GC heap after
{Heap after GC invocations=170 (full 0):
 garbage-first heap   total 208896K, used 134519K [0x0000000080000000, 0x0000000100000000)
  region size 1024K, 5 young (5120K), 5 survivors (5120K)
 Metaspace       used 115498K, capacity 118459K, committed 119888K, reserved 1153024K
  class space    used 14089K, capacity 15082K, committed 15616K, reserved 1048576K
}
Event: 9641.334 GC heap before
{Heap before GC invocations=170 (full 0):
 garbage-first heap   total 208896K, used 139639K [0x0000000080000000, 0x0000000100000000)
  region size 1024K, 10 young (10240K), 5 survivors (5120K)
 Metaspace       used 115498K, capacity 118459K, committed 119888K, reserved 1153024K
  class space    used 14089K, capacity 15082K, committed 15616K, reserved 1048576K
}
Event: 9641.379 GC heap after
{Heap after GC invocations=171 (full 0):
 garbage-first heap   total 208896K, used 133128K [0x0000000080000000, 0x0000000100000000)
  region size 1024K, 2 young (2048K), 2 survivors (2048K)
 Metaspace       used 115498K, capacity 118459K, committed 119888K, reserved 1153024K
  class space    used 14089K, capacity 15082K, committed 15616K, reserved 1048576K
}
Event: 9641.410 GC heap before
{Heap before GC invocations=171 (full 0):
 garbage-first heap   total 208896K, used 133128K [0x0000000080000000, 0x0000000100000000)
  region size 1024K, 3 young (3072K), 2 survivors (2048K)
 Metaspace       used 115556K, capacity 118551K, committed 119888K, reserved 1153024K
  class space    used 14089K, capacity 15082K, committed 15616K, reserved 1048576K
}

Deoptimization events (10 events):
Event: 9640.620 Thread 0x000001b8955c2000 Uncommon trap: reason=unstable_if action=reinterpret pc=0x000001b887d4b168 method=java.util.concurrent.ConcurrentHashMap.putVal(Ljava/lang/Object;Ljava/lang/Object;Z)Ljava/lang/Object; @ 162 c2
Event: 9640.697 Thread 0x000001b893460000 Uncommon trap: reason=unstable_if action=reinterpret pc=0x000001b888a43680 method=com.android.tools.r8.dex.n.i()Lcom/android/tools/r8/graph/h0; @ 60 c2
Event: 9640.697 Thread 0x000001b89345f000 Uncommon trap: reason=unstable_if action=reinterpret pc=0x000001b888a43680 method=com.android.tools.r8.dex.n.i()Lcom/android/tools/r8/graph/h0; @ 60 c2
Event: 9640.699 Thread 0x000001b893461800 Uncommon trap: reason=unstable_if action=reinterpret pc=0x000001b8889199e4 method=com.android.tools.r8.dex.n.a(I[Lcom/android/tools/r8/graph/Y$b;[Lcom/android/tools/r8/graph/Y$c;ZZ)[Lcom/android/tools/r8/graph/T; @ 116 c2
Event: 9640.713 Thread 0x000001b89346d000 Uncommon trap: reason=unstable_if action=reinterpret pc=0x000001b8889f7ee8 method=com.android.tools.r8.graph.c0.computeEquals(Ljava/lang/Object;)Z @ 51 c2
Event: 9640.715 Thread 0x000001b893460000 Uncommon trap: reason=unstable_if action=reinterpret pc=0x000001b888a4a1c4 method=com.android.tools.r8.graph.c0.computeEquals(Ljava/lang/Object;)Z @ 51 c2
Event: 9640.892 Thread 0x000001b89345f000 Uncommon trap: reason=unstable_if action=reinterpret pc=0x000001b888a40cac method=com.android.tools.r8.graph.b0.a(Lcom/android/tools/r8/graph/W;)Z @ 190 c2
Event: 9640.892 Thread 0x000001b89346c000 Uncommon trap: reason=unstable_if action=reinterpret pc=0x000001b888a40cf0 method=com.android.tools.r8.graph.b0.a(Lcom/android/tools/r8/graph/W;)Z @ 40 c2
Event: 9641.250 Thread 0x000001b893467000 Uncommon trap: reason=null_check action=make_not_entrant pc=0x000001b8885713b0 method=com.android.tools.r8.graph.e0.computeEquals(Ljava/lang/Object;)Z @ 1 c2
Event: 9641.388 Thread 0x000001b893467000 Uncommon trap: reason=unstable_if action=reinterpret pc=0x000001b8889f1d98 method=java.util.TimSort.mergeHi(IIII)V @ 568 c2

Classes redefined (0 events):
No events

Internal exceptions (10 events):
Event: 9639.621 Thread 0x000001b8955be000 Exception <a 'sun/nio/fs/WindowsException'{0x0000000088ecd520}> (0x0000000088ecd520) thrown at [t:/workspace/open/src/hotspot/share/prims/jni.cpp, line 615]
Event: 9639.626 Thread 0x000001b8955be000 Exception <a 'sun/nio/fs/WindowsException'{0x0000000088ed4370}> (0x0000000088ed4370) thrown at [t:/workspace/open/src/hotspot/share/prims/jni.cpp, line 615]
Event: 9639.632 Thread 0x000001b8955be000 Exception <a 'sun/nio/fs/WindowsException'{0x000000008cb447f8}> (0x000000008cb447f8) thrown at [t:/workspace/open/src/hotspot/share/prims/jni.cpp, line 615]
Event: 9639.635 Thread 0x000001b8955be000 Exception <a 'sun/nio/fs/WindowsException'{0x000000008cb4d4d0}> (0x000000008cb4d4d0) thrown at [t:/workspace/open/src/hotspot/share/prims/jni.cpp, line 615]
Event: 9639.637 Thread 0x000001b8955be000 Exception <a 'sun/nio/fs/WindowsException'{0x000000008cbd62c8}> (0x000000008cbd62c8) thrown at [t:/workspace/open/src/hotspot/share/prims/jni.cpp, line 615]
Event: 9639.662 Thread 0x000001b8955be000 Exception <a 'sun/nio/fs/WindowsException'{0x000000008cbdd180}> (0x000000008cbdd180) thrown at [t:/workspace/open/src/hotspot/share/prims/jni.cpp, line 615]
Event: 9639.779 Thread 0x000001b8955ba000 Exception <a 'sun/nio/fs/WindowsException'{0x000000008cbfc870}> (0x000000008cbfc870) thrown at [t:/workspace/open/src/hotspot/share/prims/jni.cpp, line 615]
Event: 9639.886 Thread 0x000001b893469800 Exception <a 'sun/nio/fs/WindowsException'{0x000000008cad1ca0}> (0x000000008cad1ca0) thrown at [t:/workspace/open/src/hotspot/share/prims/jni.cpp, line 615]
Event: 9640.610 Thread 0x000001b8955c2000 Exception <a 'sun/nio/fs/WindowsException'{0x000000008cb65240}> (0x000000008cb65240) thrown at [t:/workspace/open/src/hotspot/share/prims/jni.cpp, line 615]
Event: 9641.250 Thread 0x000001b893467000 Implicit null exception at 0x000001b88857124c to 0x000001b88857139e

Events (10 events):
Event: 9641.263 Thread 0x000001b893467000 DEOPT PACKING pc=0x000001b8824cbe87 sp=0x0000003ce78fe070
Event: 9641.263 Thread 0x000001b893467000 DEOPT UNPACKING pc=0x000001b880028d4e sp=0x0000003ce78fd5c8 mode 0
Event: 9641.308 Executing VM operation: G1CollectForAllocation
Event: 9641.328 Executing VM operation: G1CollectForAllocation done
Event: 9641.334 Executing VM operation: G1CollectForAllocation
Event: 9641.379 Executing VM operation: G1CollectForAllocation done
Event: 9641.388 Thread 0x000001b893467000 Uncommon trap: trap_request=0xffffff4d fr.pc=0x000001b8889f1d98 relative=0x0000000000001c78
Event: 9641.388 Thread 0x000001b893467000 DEOPT PACKING pc=0x000001b8889f1d98 sp=0x0000003ce78fe4d0
Event: 9641.388 Thread 0x000001b893467000 DEOPT UNPACKING pc=0x000001b880028f2f sp=0x0000003ce78fe4b8 mode 2
Event: 9641.410 Executing VM operation: G1CollectForAllocation


Dynamic libraries:
0x00007ff6bb800000 - 0x00007ff6bb847000 	C:\Program Files\Java\jdk-11.0.6\bin\java.exe
0x00007ffa3d650000 - 0x00007ffa3d846000 	C:\WINDOWS\SYSTEM32\ntdll.dll
0x00007ffa3b6e0000 - 0x00007ffa3b79d000 	C:\WINDOWS\System32\KERNEL32.DLL
0x00007ffa3b3c0000 - 0x00007ffa3b688000 	C:\WINDOWS\System32\KERNELBASE.dll
0x00007ffa3c8c0000 - 0x00007ffa3c96a000 	C:\WINDOWS\System32\ADVAPI32.dll
0x00007ffa3ba70000 - 0x00007ffa3bb0e000 	C:\WINDOWS\System32\msvcrt.dll
0x00007ffa3d3c0000 - 0x00007ffa3d45b000 	C:\WINDOWS\System32\sechost.dll
0x00007ffa3bee0000 - 0x00007ffa3c004000 	C:\WINDOWS\System32\RPCRT4.dll
0x00007ffa3bb10000 - 0x00007ffa3bcb0000 	C:\WINDOWS\System32\USER32.dll
0x00007ffa3afe0000 - 0x00007ffa3b002000 	C:\WINDOWS\System32\win32u.dll
0x00007ffa3c040000 - 0x00007ffa3c06a000 	C:\WINDOWS\System32\GDI32.dll
0x00007ffa3b0c0000 - 0x00007ffa3b1c9000 	C:\WINDOWS\System32\gdi32full.dll
0x00007ffa3b2d0000 - 0x00007ffa3b36d000 	C:\WINDOWS\System32\msvcp_win.dll
0x00007ffa3b1d0000 - 0x00007ffa3b2d0000 	C:\WINDOWS\System32\ucrtbase.dll
0x00007ffa30950000 - 0x00007ffa30beb000 	C:\WINDOWS\WinSxS\amd64_microsoft.windows.common-controls_6595b64144ccf1df_6.0.19041.488_none_ca04af081b815d21\COMCTL32.dll
0x00007ffa35ef0000 - 0x00007ffa35efa000 	C:\WINDOWS\SYSTEM32\VERSION.dll
0x00007ffa3c010000 - 0x00007ffa3c040000 	C:\WINDOWS\System32\IMM32.DLL
0x00007ffa1ceb0000 - 0x00007ffa1cec6000 	C:\Program Files\Java\jdk-11.0.6\bin\vcruntime140.dll
0x00007ffa0dc40000 - 0x00007ffa0dcea000 	C:\Program Files\Java\jdk-11.0.6\bin\msvcp140.dll
0x00007ff9cfa00000 - 0x00007ff9d0529000 	C:\Program Files\Java\jdk-11.0.6\bin\server\jvm.dll
0x00007ffa263d0000 - 0x00007ffa263d9000 	C:\WINDOWS\SYSTEM32\WSOCK32.dll
0x00007ffa32030000 - 0x00007ffa32057000 	C:\WINDOWS\SYSTEM32\WINMM.dll
0x00007ffa3d460000 - 0x00007ffa3d468000 	C:\WINDOWS\System32\PSAPI.DLL
0x00007ffa3be10000 - 0x00007ffa3be7b000 	C:\WINDOWS\System32\WS2_32.dll
0x00007ffa38cb0000 - 0x00007ffa38cc2000 	C:\WINDOWS\SYSTEM32\kernel.appcore.dll
0x00007ffa1a390000 - 0x00007ffa1a3a1000 	C:\Program Files\Java\jdk-11.0.6\bin\verify.dll
0x00007ffa1e5e0000 - 0x00007ffa1e7c4000 	C:\WINDOWS\SYSTEM32\DBGHELP.DLL
0x00007ffa1e5b0000 - 0x00007ffa1e5dc000 	C:\WINDOWS\SYSTEM32\dbgcore.DLL
0x00007ffa3ada0000 - 0x00007ffa3ae1f000 	C:\WINDOWS\System32\bcryptPrimitives.dll
0x00007ffa18720000 - 0x00007ffa18749000 	C:\Program Files\Java\jdk-11.0.6\bin\java.dll
0x00007ffa18700000 - 0x00007ffa18716000 	C:\Program Files\Java\jdk-11.0.6\bin\zip.dll
0x00007ffa1e850000 - 0x00007ffa1e85a000 	C:\Program Files\Java\jdk-11.0.6\bin\jimage.dll
0x00007ffa3cad0000 - 0x00007ffa3d210000 	C:\WINDOWS\System32\SHELL32.dll
0x00007ffa38eb0000 - 0x00007ffa39644000 	C:\WINDOWS\SYSTEM32\windows.storage.dll
0x00007ffa3c550000 - 0x00007ffa3c8a5000 	C:\WINDOWS\System32\combase.dll
0x00007ffa3a6d0000 - 0x00007ffa3a6fc000 	C:\WINDOWS\SYSTEM32\Wldp.dll
0x00007ffa3ca20000 - 0x00007ffa3cace000 	C:\WINDOWS\System32\SHCORE.dll
0x00007ffa3c4f0000 - 0x00007ffa3c545000 	C:\WINDOWS\System32\shlwapi.dll
0x00007ffa3acd0000 - 0x00007ffa3acf6000 	C:\WINDOWS\SYSTEM32\profapi.dll
0x00007ffa182e0000 - 0x00007ffa182f9000 	C:\Program Files\Java\jdk-11.0.6\bin\net.dll
0x00007ffa31d00000 - 0x00007ffa31e00000 	C:\WINDOWS\SYSTEM32\WINHTTP.dll
0x00007ffa3a4c0000 - 0x00007ffa3a52a000 	C:\WINDOWS\system32\mswsock.dll
0x00007ffa14580000 - 0x00007ffa14593000 	C:\Program Files\Java\jdk-11.0.6\bin\nio.dll
0x00007ffa1cc80000 - 0x00007ffa1cca6000 	C:\Users\Admin\.gradle\native\31\windows-amd64\native-platform.dll
0x00007ffa1ce80000 - 0x00007ffa1ce89000 	C:\Program Files\Java\jdk-11.0.6\bin\management.dll
0x00007ffa1c9f0000 - 0x00007ffa1c9fc000 	C:\Program Files\Java\jdk-11.0.6\bin\management_ext.dll
0x00007ffa3aa00000 - 0x00007ffa3aa18000 	C:\WINDOWS\SYSTEM32\CRYPTSP.dll
0x00007ffa39e70000 - 0x00007ffa39ea4000 	C:\WINDOWS\system32\rsaenh.dll
0x00007ffa3b690000 - 0x00007ffa3b6b7000 	C:\WINDOWS\System32\bcrypt.dll
0x00007ffa3ac50000 - 0x00007ffa3ac7e000 	C:\WINDOWS\SYSTEM32\USERENV.dll
0x00007ffa3a640000 - 0x00007ffa3a64c000 	C:\WINDOWS\SYSTEM32\CRYPTBASE.dll
0x00007ffa3a1d0000 - 0x00007ffa3a20b000 	C:\WINDOWS\SYSTEM32\IPHLPAPI.DLL
0x00007ffa3c070000 - 0x00007ffa3c079000 	C:\WINDOWS\System32\NSI.dll
0x00007ffa34260000 - 0x00007ffa34277000 	C:\WINDOWS\SYSTEM32\dhcpcsvc6.DLL
0x00007ffa33e50000 - 0x00007ffa33e6d000 	C:\WINDOWS\SYSTEM32\dhcpcsvc.DLL
0x00007ffa3a210000 - 0x00007ffa3a2db000 	C:\WINDOWS\SYSTEM32\DNSAPI.dll

dbghelp: loaded successfully - version: 4.0.5 - missing functions: none
symbol engine: initialized successfully - sym options: 0x614 - pdb path: .;C:\Program Files\Java\jdk-11.0.6\bin;C:\WINDOWS\SYSTEM32;C:\WINDOWS\WinSxS\amd64_microsoft.windows.common-controls_6595b64144ccf1df_6.0.19041.488_none_ca04af081b815d21;C:\Program Files\Java\jdk-11.0.6\bin\server;C:\Users\Admin\.gradle\native\31\windows-amd64

VM Arguments:
jvm_args: --add-opens=java.base/java.util=ALL-UNNAMED --add-opens=java.base/java.lang=ALL-UNNAMED --add-opens=java.base/java.lang.invoke=ALL-UNNAMED --add-opens=java.prefs/java.util.prefs=ALL-UNNAMED -Xmx2048m -Dfile.encoding=windows-1252 -Duser.country=IN -Duser.language=en -Duser.variant 
java_command: org.gradle.launcher.daemon.bootstrap.GradleDaemon 6.1.1
java_class_path (initial): C:\Users\Admin\.gradle\wrapper\dists\gradle-6.1.1-all\cfmwm155h49vnt3hynmlrsdst\gradle-6.1.1\lib\gradle-launcher-6.1.1.jar
Launcher Type: SUN_STANDARD

[Global flags]
     intx CICompilerCount                          = 4                                         {product} {ergonomic}
     uint ConcGCThreads                            = 3                                         {product} {ergonomic}
     uint G1ConcRefinementThreads                  = 10                                        {product} {ergonomic}
   size_t G1HeapRegionSize                         = 1048576                                   {product} {ergonomic}
    uintx GCDrainStackTargetSize                   = 64                                        {product} {ergonomic}
   size_t InitialHeapSize                          = 134217728                                 {product} {ergonomic}
   size_t MarkStackSize                            = 4194304                                   {product} {ergonomic}
   size_t MaxHeapSize                              = 2147483648                                {product} {command line}
   size_t MaxNewSize                               = 1287651328                                {product} {ergonomic}
   size_t MinHeapDeltaBytes                        = 1048576                                   {product} {ergonomic}
    uintx NonNMethodCodeHeapSize                   = 5836300                                {pd product} {ergonomic}
    uintx NonProfiledCodeHeapSize                  = 122910970                              {pd product} {ergonomic}
    uintx ProfiledCodeHeapSize                     = 122910970                              {pd product} {ergonomic}
    uintx ReservedCodeCacheSize                    = 251658240                              {pd product} {ergonomic}
     bool SegmentedCodeCache                       = true                                      {product} {ergonomic}
     bool UseCompressedClassPointers               = true                                 {lp64_product} {ergonomic}
     bool UseCompressedOops                        = true                                 {lp64_product} {ergonomic}
     bool UseG1GC                                  = true                                      {product} {ergonomic}
     bool UseLargePagesIndividualAllocation        = false                                  {pd product} {ergonomic}

Logging:
Log output configuration:
 #0: stdout all=warning uptime,level,tags
 #1: stderr all=off uptime,level,tags

Environment Variables:
JAVA_HOME=C:\Program Files\Amazon Corretto\jdk11.0.7_10
PATH=C:\Program Files\Amazon Corretto\jdk11.0.7_10\bin;C:\Program Files (x86)\Common Files\Oracle\Java\javapath;C:\Windows\system32;C:\Windows;C:\Windows\System32\Wbem;C:\Windows\System32\WindowsPowerShell\v1.0\;C:\Program Files (x86)\NVIDIA Corporation\PhysX\Common;C:\WINDOWS\system32;C:\WINDOWS;C:\WINDOWS\System32\Wbem;C:\WINDOWS\System32\WindowsPowerShell\v1.0\;C:\WINDOWS\System32\OpenSSH\;C:\Android;C:\Program Files\NVIDIA Corporation\NVIDIA NvDLISR;C:\Program Files\Git\cmd;C:\Program Files\Java\jdk-11.0.6\bin;C:\Program Files\PuTTY\;C:\Program Files\MongoDB\Server\4.2\bin;C:\Program Files\nodejs\;C:\Strawberry\c\bin;C:\Strawberry\perl\site\bin;C:\Strawberry\perl\bin;C:\Ruby27-x64\bin;C:\Users\Admin\AppData\Local\Programs\Python\Launcher\;C:\Users\Admin\anaconda3;C:\Users\Admin\anaconda3\Library\mingw-w64\bin;C:\Users\Admin\anaconda3\Library\usr\bin;C:\Users\Admin\anaconda3\Library\bin;C:\Users\Admin\anaconda3\Scripts;C:\Users\Admin\AppData\Local\Microsoft\WindowsApps;C:\Users\Admin\AppData\Local\GitHubDesktop\bin;C:\Users\Admin\AppData\Local\Programs\Microsoft VS Code\bin;C:\Users\Admin\AppData\Roaming\npm;C:\Users\Admin\AppData\Local\Microsoft\WindowsApps
USERNAME=Admin
OS=Windows_NT
PROCESSOR_IDENTIFIER=AMD64 Family 23 Model 8 Stepping 2, AuthenticAMD



---------------  S Y S T E M  ---------------

OS: Windows 10 , 64 bit Build 19041 (10.0.19041.546)

CPU:total 12 (initial active 12) (12 cores per cpu, 2 threads per core) family 23 model 8 stepping 2, cmov, cx8, fxsr, mmx, sse, sse2, sse3, ssse3, sse4.1, sse4.2, popcnt, avx, avx2, aes, clmul, mmxext, 3dnowpref, lzcnt, sse4a, ht, tsc, tscinvbit, tscinv, bmi1, bmi2, adx, sha, fma

Memory: 4k page, system-wide physical 8143M (74M free)
TotalPageFile size 40911M (AvailPageFile size 115M)
current process WorkingSet (physical memory assigned to process): 414M, peak: 435M
current process commit charge ("private bytes"): 570M, peak: 772M

vm_info: Java HotSpot(TM) 64-Bit Server VM (11.0.6+8-LTS) for windows-amd64 JRE (11.0.6+8-LTS), built on Dec 11 2019 09:17:57 by "mach5one" with MS VC++ 15.5 (VS2017)

END.
